<?xml version="1.0" encoding="UTF-8"?>
<!-- Generated by org.testng.reporters.JUnitReportReporter -->
<testsuite hostname="RiveroMaurera" failures="0" tests="18" name="tests.PrestaShopTest" time="200.413" errors="0" timestamp="2021-11-04T10:21:31 BRT" skipped="0">
  <testcase classname="tests.PrestaShopTest" name="Pay" time="13.654"/>
  <system-out/>
  <testcase classname="tests.PrestaShopTest" name="Pay" time="12.211"/>
  <system-out/>
  <testcase classname="tests.PrestaShopTest" name="buyProduct" time="6.481"/>
  <system-out/>
  <testcase classname="tests.PrestaShopTest" name="buyProduct" time="5.961"/>
  <system-out/>
  <testcase classname="tests.PrestaShopTest" name="Pay" time="12.232"/>
  <system-out/>
  <testcase classname="tests.PrestaShopTest" name="buyProduct" time="7.173"/>
  <system-out/>
  <testcase classname="tests.PrestaShopTest" name="buyProduct" time="7.885"/>
  <system-out/>
  <testcase classname="tests.PrestaShopTest" name="Logar" time="9.667"/>
  <system-out/>
  <testcase classname="tests.PrestaShopTest" name="Logar" time="13.269"/>
  <system-out/>
  <testcase classname="tests.PrestaShopTest" name="Logar" time="24.167"/>
  <system-out/>
  <testcase classname="tests.PrestaShopTest" name="Pay" time="11.113"/>
  <system-out/>
  <testcase classname="tests.PrestaShopTest" name="buyProduct" time="5.250"/>
  <system-out/>
  <testcase classname="tests.PrestaShopTest" name="Logar" time="12.977"/>
  <system-out/>
  <testcase classname="tests.PrestaShopTest" name="buyProduct" time="6.775"/>
  <system-out/>
  <testcase classname="tests.PrestaShopTest" name="Pay" time="11.932"/>
  <system-out/>
  <testcase classname="tests.PrestaShopTest" name="Pay" time="11.237"/>
  <system-out/>
  <testcase classname="tests.PrestaShopTest" name="Logar" time="18.659"/>
  <system-out/>
  <testcase classname="tests.PrestaShopTest" name="Logar" time="9.770"/>
  <system-out/>
</testsuite> <!-- tests.PrestaShopTest -->
